Arguments: 
  C:\Program Files (x86)\nodejs\node.exe C:\Users\linne\AppData\Roaming\npm\node_modules\yarn\bin\yarn.js init

PATH: 
  C:\Program Files\Android\Jdk\microsoft_dist_openjdk_1.8.0.25\bin;C:\Program Files\Common Files\Oracle\Java\javapath;C:\Windows\system32;C:\Windows;C:\Windows\System32\Wbem;C:\Windows\System32\WindowsPowerShell\v1.0\;C:\Windows\System32\OpenSSH\;C:\Program Files\dotnet\;C:\Program Files (x86)\dotnet\;C:\Program Files\Microsoft SQL Server\130\Tools\Binn\;C:\Program Files\Microsoft SQL Server\Client SDK\ODBC\170\Tools\Binn\;C:\Program Files (x86)\Microsoft SQL Server\150\DTS\Binn\;C:\Program Files\Microsoft SQL Server\150\DTS\Binn\;C:\Program Files\Azure Data Studio\bin;C:\Program Files\Docker\Docker\resources\bin;C:\ProgramData\DockerDesktop\version-bin;C:\Program Files (x86)\nodejs\;C:\ProgramData\chocolatey\bin;C:\Program Files\Git\cmd;C:\Program Files\MySQL\MySQL Shell 8.0\bin\;C:\Users\linne\AppData\Local\Microsoft\WindowsApps;C:\Users\linne\.dotnet\tools;C:\Users\linne\AppData\Local\Programs\Microsoft VS Code\bin;C:\Users\linne\AppData\Roaming\npm;C:\Users\linne\.nuget\packages\microsoft.entityframeworkcore.tools\5.0.5\tools;C:\Users\linne\.nuget\packages\microsoft.extensions.apidescription.server\3.0.0\tools;C:\Users\linne\.nuget\packages\microsoft.visualstudio.azure.containers.tools.targets\1.10.13\tools;C:\Users\linne\.nuget\packages\microsoft.entityframeworkcore.tools\5.0.6\tools;C:\Users\linne\.nuget\packages\microsoft.codeanalysis.analyzers\3.0.0\tools;C:\Users\linne\.nuget\packages\newtonsoft.json\9.0.1\tools

Yarn version: 
  1.22.10

Node version: 
  14.17.0

Platform: 
  win32 ia32

Trace: 
  Error: Can't answer a question unless a user TTY
      at ConsoleReporter.question (C:\Users\linne\AppData\Roaming\npm\node_modules\yarn\lib\cli.js:96361:59)
      at Object.<anonymous> (C:\Users\linne\AppData\Roaming\npm\node_modules\yarn\lib\cli.js:88636:38)
      at Generator.next (<anonymous>)
      at step (C:\Users\linne\AppData\Roaming\npm\node_modules\yarn\lib\cli.js:310:30)
      at C:\Users\linne\AppData\Roaming\npm\node_modules\yarn\lib\cli.js:321:13

npm manifest: 
  {
    "name": "EstudoEmVideo",
    "version": "1.0.0",
    "main": "index.js",
    "license": "MIT"
  }

yarn manifest: 
  No manifest

Lockfile: 
  No lockfile
